\BOOKMARK [0][]{chapter.6}{1 Présentation du projet}{}% 1
\BOOKMARK [1][]{section.7}{1.1 Contexte}{chapter.6}% 2
\BOOKMARK [1][]{section.8}{1.2 Description de l'existant}{chapter.6}% 3
\BOOKMARK [1][]{section.13}{1.3 Objectifs du projet}{chapter.6}% 4
\BOOKMARK [1][]{section.14}{1.4 Définition des Besoins}{chapter.6}% 5
\BOOKMARK [2][]{subsection.15}{1.4.1 Besoins fonctionnels}{section.14}% 6
\BOOKMARK [2][]{subsection.20}{1.4.2 Besoins non fonctionnels}{section.14}% 7
\BOOKMARK [1][]{section.21}{1.5 Environnement du projet}{chapter.6}% 8
\BOOKMARK [1][]{section.22}{1.6 Présentation du contexte technique}{chapter.6}% 9
\BOOKMARK [2][]{subsection.23}{1.6.1 Client}{section.22}% 10
\BOOKMARK [2][]{subsection.24}{1.6.2 Serveur}{section.22}% 11
\BOOKMARK [2][]{subsection.25}{1.6.3 XML-RPC}{section.22}% 12
\BOOKMARK [2][]{subsection.26}{1.6.4 Base de données}{section.22}% 13
\BOOKMARK [0][]{chapter.27}{2 Méthodes}{}% 14
\BOOKMARK [1][]{section.28}{2.1 Présentation du problème}{chapter.27}% 15
\BOOKMARK [1][]{section.33}{2.2 Méthodes utilisées}{chapter.27}% 16
\BOOKMARK [2][]{subsection.34}{2.2.1 Algorithme de Dijkstra}{section.33}% 17
\BOOKMARK [2][]{subsection.46}{2.2.2 Optimisation multi-objectif}{section.33}% 18
\BOOKMARK [2][]{subsection.54}{2.2.3 Algorithme de BCA*}{section.33}% 19
\BOOKMARK [0][]{chapter.73}{3 Réalisation des besoins}{}% 20
\BOOKMARK [1][]{section.78}{3.1 Implémentation de l'algorithme BCA*}{chapter.73}% 21
\BOOKMARK [2][]{subsection.79}{3.1.1 Structure de données}{section.78}% 22
\BOOKMARK [2][]{subsection.116}{3.1.2 Réalisation}{section.78}% 23
\BOOKMARK [1][]{section.135}{3.2 Implémentation des nouveaux critères}{chapter.73}% 24
\BOOKMARK [2][]{subsection.136}{3.2.1 Structure de la base de données}{section.135}% 25
\BOOKMARK [2][]{subsection.254}{3.2.2 Réalisation de critère d'effort}{section.135}% 26
\BOOKMARK [2][]{subsection.288}{3.2.3 Réalisation de critère de sécurité}{section.135}% 27
\BOOKMARK [1][]{section.315}{3.3 Amélioration}{chapter.73}% 28
\BOOKMARK [2][]{subsection.316}{3.3.1 Amélioration de l'algorithme}{section.315}% 29
\BOOKMARK [2][]{subsection.324}{3.3.2 Amélioration de temps du calcul}{section.315}% 30
\BOOKMARK [1][]{section.354}{3.4 Modification de l'interface}{chapter.73}% 31
\BOOKMARK [0][]{chapter.359}{4 Conclusion}{}% 32
\BOOKMARK [0][]{appendix.360}{A Résultat de tests de valeur \040différent}{}% 33
\BOOKMARK [0][]{appendix.367}{B Guide - Installation et configuration}{}% 34
\BOOKMARK [1][]{section.368}{B.1 Installation des packages nécessaires}{appendix.367}% 35
\BOOKMARK [1][]{section.369}{B.2 Configuration de la base de données}{appendix.367}% 36
\BOOKMARK [1][]{section.394}{B.3 Configuration du site web Géovélo}{appendix.367}% 37
\BOOKMARK [1][]{section.402}{B.4 Configuration de LEDA}{appendix.367}% 38
\BOOKMARK [0][]{appendix.428}{C Cahier des Charges - Introduction}{}% 39
\BOOKMARK [0][]{appendix.429}{D Contexte de la réalisation}{}% 40
\BOOKMARK [1][]{section.430}{D.1 Contexte}{appendix.429}% 41
\BOOKMARK [1][]{section.431}{D.2 Objectifs}{appendix.429}% 42
\BOOKMARK [0][]{appendix.432}{E Description générale}{}% 43
\BOOKMARK [1][]{section.433}{E.1 Environnement du projet}{appendix.432}% 44
\BOOKMARK [1][]{section.434}{E.2 Caractéristiques des utilisateurs}{appendix.432}% 45
\BOOKMARK [1][]{section.435}{E.3 Fonctionnalités et structure générale du système}{appendix.432}% 46
\BOOKMARK [1][]{section.440}{E.4 Contraintes de développement, d'exploitation et de maintenance}{appendix.432}% 47
\BOOKMARK [0][]{appendix.442}{F Architecture générale du système}{}% 48
\BOOKMARK [0][]{appendix.447}{G Description des Besoins}{}% 49
\BOOKMARK [1][]{section.448}{G.1 Besoins fonctionnels}{appendix.447}% 50
\BOOKMARK [1][]{section.451}{G.2 Besoins non fonctionnels}{appendix.447}% 51
\BOOKMARK [0][]{appendix.452}{H Découpage du projet en tâches}{}% 52
\BOOKMARK [1][]{section.453}{H.1 Tâche 1 : La familiarisation avec les algorithmes}{appendix.452}% 53
\BOOKMARK [1][]{section.456}{H.2 Tâche 2 : La familiarisation de le fonctionnement de Géovélo}{appendix.452}% 54
\BOOKMARK [1][]{section.459}{H.3 Tâche 3 : Configuration de l'environnement}{appendix.452}% 55
\BOOKMARK [1][]{section.462}{H.4 Tâche 4 : Rédaction du guide}{appendix.452}% 56
\BOOKMARK [1][]{section.465}{H.5 Tâche 5 : Étude de l'existant}{appendix.452}% 57
\BOOKMARK [1][]{section.468}{H.6 Tâche 6 : Implémentation du nouvel algorithme}{appendix.452}% 58
\BOOKMARK [1][]{section.471}{H.7 Tâche 7 : Prise en main PostGIS}{appendix.452}% 59
\BOOKMARK [1][]{section.474}{H.8 Tâche 8 : Modéliser les critères}{appendix.452}% 60
\BOOKMARK [1][]{section.477}{H.9 Tâche 9 : Implémentation des nouveaux critères}{appendix.452}% 61
\BOOKMARK [1][]{section.480}{H.10 Tâche 10 : Prise en main AJAX}{appendix.452}% 62
\BOOKMARK [1][]{section.483}{H.11 Tâche 11 : Modification de l'interface du site web}{appendix.452}% 63
\BOOKMARK [1][]{section.486}{H.12 Tâche 12 : Rédaction du rapport}{appendix.452}% 64
\BOOKMARK [0][]{appendix.489}{I Planning}{}% 65
\BOOKMARK [0][]{figure.493}{Bibliographie}{}% 66
