This is pdfTeX, Version 3.1415926-1.40.10 (TeX Live 2009) (format=pdflatex 2010.2.26)  18 APR 2010 12:43
entering extended mode
 \write18 enabled.
 file:line:error style messages enabled.
 %&-line parsing enabled.
**Modele_Rapport.tex
(./Modele_Rapport.tex
LaTeX2e <2009/09/24>
Babel <v3.8l> and hyphenation patterns for english, usenglishmax, dumylang, noh
yphenation, german-x-2009-06-19, ngerman-x-2009-06-19, ancientgreek, ibycus, ar
abic, basque, bulgarian, catalan, pinyin, coptic, croatian, czech, danish, dutc
h, esperanto, estonian, farsi, finnish, french, galician, german, ngerman, mono
greek, greek, hungarian, icelandic, indonesian, interlingua, irish, italian, ku
rmanji, latin, latvian, lithuanian, mongolian, mongolian2a, bokmal, nynorsk, po
lish, portuguese, romanian, russian, sanskrit, serbian, slovak, slovenian, span
ish, swedish, turkish, ukenglish, ukrainian, uppersorbian, welsh, loaded.
(./EPURapport.cls
Document Class: EPURapport 2009/04/24 - EPURapport document class
(/usr/local/texlive/2009/texmf-dist/tex/latex/lm/lmodern.sty
Package: lmodern 2009/10/30 v1.6 Latin Modern Fonts
LaTeX Font Info:    Overwriting symbol font `operators' in version `normal'
(Font)                  OT1/cmr/m/n --> OT1/lmr/m/n on input line 22.
LaTeX Font Info:    Overwriting symbol font `letters' in version `normal'
(Font)                  OML/cmm/m/it --> OML/lmm/m/it on input line 23.
LaTeX Font Info:    Overwriting symbol font `symbols' in version `normal'
(Font)                  OMS/cmsy/m/n --> OMS/lmsy/m/n on input line 24.
LaTeX Font Info:    Overwriting symbol font `largesymbols' in version `normal'
(Font)                  OMX/cmex/m/n --> OMX/lmex/m/n on input line 25.
LaTeX Font Info:    Overwriting symbol font `operators' in version `bold'
(Font)                  OT1/cmr/bx/n --> OT1/lmr/bx/n on input line 26.
LaTeX Font Info:    Overwriting symbol font `letters' in version `bold'
(Font)                  OML/cmm/b/it --> OML/lmm/b/it on input line 27.
LaTeX Font Info:    Overwriting symbol font `symbols' in version `bold'
(Font)                  OMS/cmsy/b/n --> OMS/lmsy/b/n on input line 28.
LaTeX Font Info:    Overwriting symbol font `largesymbols' in version `bold'
(Font)                  OMX/cmex/m/n --> OMX/lmex/m/n on input line 29.
LaTeX Font Info:    Overwriting math alphabet `\mathbf' in version `normal'
(Font)                  OT1/cmr/bx/n --> OT1/lmr/bx/n on input line 31.
LaTeX Font Info:    Overwriting math alphabet `\mathsf' in version `normal'
(Font)                  OT1/cmss/m/n --> OT1/lmss/m/n on input line 32.
LaTeX Font Info:    Overwriting math alphabet `\mathit' in version `normal'
(Font)                  OT1/cmr/m/it --> OT1/lmr/m/it on input line 33.
LaTeX Font Info:    Overwriting math alphabet `\mathtt' in version `normal'
(Font)                  OT1/cmtt/m/n --> OT1/lmtt/m/n on input line 34.
LaTeX Font Info:    Overwriting math alphabet `\mathbf' in version `bold'
(Font)                  OT1/cmr/bx/n --> OT1/lmr/bx/n on input line 35.
LaTeX Font Info:    Overwriting math alphabet `\mathsf' in version `bold'
(Font)                  OT1/cmss/bx/n --> OT1/lmss/bx/n on input line 36.
LaTeX Font Info:    Overwriting math alphabet `\mathit' in version `bold'
(Font)                  OT1/cmr/bx/it --> OT1/lmr/bx/it on input line 37.
LaTeX Font Info:    Overwriting math alphabet `\mathtt' in version `bold'
(Font)                  OT1/cmtt/m/n --> OT1/lmtt/m/n on input line 38.
)
(/usr/local/texlive/2009/texmf-dist/tex/latex/base/fontenc.sty
Package: fontenc 2005/09/27 v1.99g Standard LaTeX package

(/usr/local/texlive/2009/texmf-dist/tex/latex/base/t1enc.def
File: t1enc.def 2005/09/27 v1.99g Standard LaTeX file
LaTeX Font Info:    Redeclaring font encoding T1 on input line 43.
))
(/usr/local/texlive/2009/texmf-dist/tex/latex/base/ifthen.sty
Package: ifthen 2001/05/26 v1.1c Standard LaTeX ifthen package (DPC)
)
(/usr/local/texlive/2009/texmf-dist/tex/latex/fancyhdr/fancyhdr.sty
\fancy@headwidth=\skip41
\f@ncyO@elh=\skip42
\f@ncyO@erh=\skip43
\f@ncyO@olh=\skip44
\f@ncyO@orh=\skip45
\f@ncyO@elf=\skip46
\f@ncyO@erf=\skip47
\f@ncyO@olf=\skip48
\f@ncyO@orf=\skip49
)
(/usr/local/texlive/2009/texmf-dist/tex/latex/base/report.cls
Document Class: report 2007/10/19 v1.4h Standard LaTeX document class
(/usr/local/texlive/2009/texmf-dist/tex/latex/base/size11.clo
File: size11.clo 2007/10/19 v1.4h Standard LaTeX file (size option)
)
\c@part=\count79
\c@chapter=\count80
\c@section=\count81
\c@subsection=\count82
\c@subsubsection=\count83
\c@paragraph=\count84
\c@subparagraph=\count85
\c@figure=\count86
\c@table=\count87
\abovecaptionskip=\skip50
\belowcaptionskip=\skip51
\bibindent=\dimen102
)
(/usr/local/texlive/2009/texmf-dist/tex/generic/babel/babel.sty
Package: babel 2008/07/06 v3.8l The Babel package

(/usr/local/texlive/2009/texmf-dist/tex/generic/babel/frenchb.ldf
Language: frenchb 2009/03/16 v2.3d French support from the babel system

(/usr/local/texlive/2009/texmf-dist/tex/generic/babel/babel.def
File: babel.def 2008/07/06 v3.8l Babel common definitions
\babel@savecnt=\count88
\U@D=\dimen103
)
Package babel Info: Making : an active character on input line 120.
Package babel Info: Making ; an active character on input line 121.
Package babel Info: Making ! an active character on input line 122.
Package babel Info: Making ? an active character on input line 123.
\FB@Mht=\dimen104
\std@mcc=\count89
\dec@mcc=\count90
\parindentFFN=\dimen105

*************************************
* Local config file frenchb.cfg used
*
(/usr/local/texlive/2009/texmf-dist/tex/generic/babel/frenchb.cfg)))
(/usr/local/texlive/2009/texmf-dist/tex/latex/carlisle/scalefnt.sty)
(/usr/local/texlive/2009/texmf-dist/tex/latex/graphics/keyval.sty
Package: keyval 1999/03/16 v1.13 key=value parser (DPC)
\KV@toks@=\toks14
)
(/usr/local/texlive/2009/texmf-dist/tex/latex/url/url.sty
\Urlmuskip=\muskip10
Package: url 2006/04/12  ver 3.3  Verb mode for urls, etc.
)
(/usr/local/texlive/2009/texmf-dist/tex/latex/xcolor/xcolor.sty
Package: xcolor 2007/01/21 v2.11 LaTeX color extensions (UK)

(/usr/local/texlive/2009/texmf-dist/tex/latex/latexconfig/color.cfg
File: color.cfg 2007/01/18 v1.5 color configuration of teTeX/TeXLive
)
Package xcolor Info: Driver file: pdftex.def on input line 225.

(/usr/local/texlive/2009/texmf-dist/tex/latex/pdftex-def/pdftex.def
File: pdftex.def 2010/02/14 v0.04n Graphics/color for pdfTeX
\Gread@gobject=\count91
)
Package xcolor Info: Model `cmy' substituted by `cmy0' on input line 1337.
Package xcolor Info: Model `hsb' substituted by `rgb' on input line 1341.
Package xcolor Info: Model `RGB' extended on input line 1353.
Package xcolor Info: Model `HTML' substituted by `rgb' on input line 1355.
Package xcolor Info: Model `Hsb' substituted by `hsb' on input line 1356.
Package xcolor Info: Model `tHsb' substituted by `hsb' on input line 1357.
Package xcolor Info: Model `HSB' substituted by `hsb' on input line 1358.
Package xcolor Info: Model `Gray' substituted by `gray' on input line 1359.
Package xcolor Info: Model `wave' substituted by `hsb' on input line 1360.
)
(/usr/local/texlive/2009/texmf-dist/tex/latex/comment/comment.sty
\CommentStream=\write3

Excluding comment 'comment')
(/usr/local/texlive/2009/texmf-dist/tex/latex/lastpage/lastpage.sty
Package: lastpage 1994/06/25 v0.1b LaTeX2e package for refs to last page number
 (JPG)
)
(/usr/local/texlive/2009/texmf-dist/tex/latex/fp/fp.sty
Package: fp 1995/04/02

`Fixed Point Package', Version 0.8, April 2, 1995 (C) Michael Mehlich
(/usr/local/texlive/2009/texmf-dist/tex/latex/fp/defpattern.sty
Package: defpattern 1994/10/12
\actioncount=\count92
)
(/usr/local/texlive/2009/texmf-dist/tex/latex/fp/fp-basic.sty
Package: fp-basic 1996/05/13
\FP@xs=\count93
\FP@xia=\count94
\FP@xib=\count95
\FP@xfa=\count96
\FP@xfb=\count97
\FP@rega=\count98
\FP@regb=\count99
\FP@regs=\count100
\FP@times=\count101
)
(/usr/local/texlive/2009/texmf-dist/tex/latex/fp/fp-addons.sty
Package: fp-addons 1995/03/15
)
(/usr/local/texlive/2009/texmf-dist/tex/latex/fp/fp-snap.sty
Package: fp-snap 1995/04/05
)
(/usr/local/texlive/2009/texmf-dist/tex/latex/fp/fp-exp.sty
Package: fp-exp 1995/04/03
)
(/usr/local/texlive/2009/texmf-dist/tex/latex/fp/fp-trigo.sty
Package: fp-trigo 1995/04/14
)
(/usr/local/texlive/2009/texmf-dist/tex/latex/fp/fp-pas.sty
Package: fp-pas 1994/08/29
)
(/usr/local/texlive/2009/texmf-dist/tex/latex/fp/fp-random.sty
Package: fp-random 1995/02/23
\FPseed=\count102
)
(/usr/local/texlive/2009/texmf-dist/tex/latex/fp/fp-eqn.sty
Package: fp-eqn 1995/04/03
)
(/usr/local/texlive/2009/texmf-dist/tex/latex/fp/fp-upn.sty
Package: fp-upn 1996/10/21
)
(/usr/local/texlive/2009/texmf-dist/tex/latex/fp/fp-eval.sty
Package: fp-eval 1995/04/03
))
(/usr/local/texlive/2009/texmf-dist/tex/latex/graphics/graphicx.sty
Package: graphicx 1999/02/16 v1.0f Enhanced LaTeX Graphics (DPC,SPQR)

(/usr/local/texlive/2009/texmf-dist/tex/latex/graphics/graphics.sty
Package: graphics 2009/02/05 v1.0o Standard LaTeX Graphics (DPC,SPQR)

(/usr/local/texlive/2009/texmf-dist/tex/latex/graphics/trig.sty
Package: trig 1999/03/16 v1.09 sin cos tan (DPC)
)
(/usr/local/texlive/2009/texmf-dist/tex/latex/latexconfig/graphics.cfg
File: graphics.cfg 2009/08/28 v1.8 graphics configuration of TeX Live
)
Package graphics Info: Driver file: pdftex.def on input line 91.
)
\Gin@req@height=\dimen106
\Gin@req@width=\dimen107
)
(/usr/local/texlive/2009/texmf-dist/tex/latex/hyperref/hyperref.sty
Package: hyperref 2010/02/21 v6.80f Hypertext links for LaTeX

(/usr/local/texlive/2009/texmf-dist/tex/generic/oberdiek/kvsetkeys.sty
Package: kvsetkeys 2010/01/28 v1.8 Key value parser (HO)

(/usr/local/texlive/2009/texmf-dist/tex/generic/oberdiek/infwarerr.sty
Package: infwarerr 2007/09/09 v1.2 Providing info/warning/message (HO)
)
(/usr/local/texlive/2009/texmf-dist/tex/generic/oberdiek/etexcmds.sty
Package: etexcmds 2010/01/28 v1.3 Prefix for e-TeX command names (HO)
Package etexcmds Info: Could not find \expanded.
(etexcmds)             That can mean that you are not using pdfTeX 1.50 or
(etexcmds)             that some package has redefined \expanded.
(etexcmds)             In the latter case, load this package earlier.
))
(/usr/local/texlive/2009/texmf-dist/tex/generic/oberdiek/pdfescape.sty
Package: pdfescape 2007/11/11 v1.8 Provides hex, PDF name and string conversion
s (HO)

(/usr/local/texlive/2009/texmf-dist/tex/generic/oberdiek/pdftexcmds.sty
Package: pdftexcmds 2009/12/12 v0.7 Utility functions of pdfTeX for LuaTeX (HO)


(/usr/local/texlive/2009/texmf-dist/tex/generic/oberdiek/ifluatex.sty
Package: ifluatex 2009/04/17 v1.2 Provides the ifluatex switch (HO)
Package ifluatex Info: LuaTeX not detected.
)
(/usr/local/texlive/2009/texmf-dist/tex/generic/oberdiek/ltxcmds.sty
Package: ltxcmds 2010/01/28 v1.2 LaTeX kernel commands for general use (HO)
)
Package pdftexcmds Info: LuaTeX not detected.
Package pdftexcmds Info: \pdf@primitive is available.
Package pdftexcmds Info: \pdf@ifprimitive is available.
))
(/usr/local/texlive/2009/texmf-dist/tex/generic/oberdiek/ifpdf.sty
Package: ifpdf 2010/01/28 v2.1 Provides the ifpdf switch (HO)
Package ifpdf Info: pdfTeX in pdf mode detected.
)
(/usr/local/texlive/2009/texmf-dist/tex/generic/oberdiek/ifvtex.sty
Package: ifvtex 2008/11/04 v1.4 Switches for detecting VTeX and its modes (HO)
Package ifvtex Info: VTeX not detected.
)
(/usr/local/texlive/2009/texmf-dist/tex/generic/ifxetex/ifxetex.sty
Package: ifxetex 2009/01/23 v0.5 Provides ifxetex conditional
)
(/usr/local/texlive/2009/texmf-dist/tex/latex/oberdiek/hycolor.sty
Package: hycolor 2009/12/12 v1.6 Color options of hyperref/bookmark (HO)

(/usr/local/texlive/2009/texmf-dist/tex/latex/oberdiek/xcolor-patch.sty
Package: xcolor-patch 2009/12/12 xcolor patch
))
(/usr/local/texlive/2009/texmf-dist/tex/latex/oberdiek/letltxmacro.sty
Package: letltxmacro 2008/06/24 v1.3 Let assignment for LaTeX macros (HO)
)
\@linkdim=\dimen108
\Hy@linkcounter=\count103
\Hy@pagecounter=\count104

(/usr/local/texlive/2009/texmf-dist/tex/latex/hyperref/pd1enc.def
File: pd1enc.def 2010/02/21 v6.80f Hyperref: PDFDocEncoding definition (HO)
)
(/usr/local/texlive/2009/texmf-dist/tex/generic/oberdiek/intcalc.sty
Package: intcalc 2007/09/27 v1.1 Expandable integer calculations (HO)
)
(/usr/local/texlive/2009/texmf-dist/tex/latex/latexconfig/hyperref.cfg
File: hyperref.cfg 2002/06/06 v1.2 hyperref configuration of TeXLive
)
(/usr/local/texlive/2009/texmf-dist/tex/latex/oberdiek/kvoptions.sty
Package: kvoptions 2010/02/22 v3.7 Keyval support for LaTeX options (HO)
)
Package hyperref Info: Hyper figures OFF on input line 3296.
Package hyperref Info: Link nesting OFF on input line 3301.
Package hyperref Info: Hyper index ON on input line 3304.
Package hyperref Info: Plain pages OFF on input line 3311.
Package hyperref Info: Backreferencing OFF on input line 3316.

Implicit mode ON; LaTeX internals redefined
Package hyperref Info: Bookmarks ON on input line 3512.
LaTeX Info: Redefining \url on input line 3749.
(/usr/local/texlive/2009/texmf-dist/tex/generic/oberdiek/bitset.sty
Package: bitset 2007/09/28 v1.0 Data type bit set (HO)

(/usr/local/texlive/2009/texmf-dist/tex/generic/oberdiek/bigintcalc.sty
Package: bigintcalc 2007/11/11 v1.1 Expandable big integer calculations (HO)
))
\Fld@menulength=\count105
\Field@Width=\dimen109
\Fld@charsize=\dimen110
\Field@toks=\toks15
Package hyperref Info: Hyper figures OFF on input line 4708.
Package hyperref Info: Link nesting OFF on input line 4713.
Package hyperref Info: Hyper index ON on input line 4716.
Package hyperref Info: backreferencing OFF on input line 4723.
Package hyperref Info: Link coloring OFF on input line 4728.
Package hyperref Info: Link coloring with OCG OFF on input line 4733.
Package hyperref Info: PDF/A mode OFF on input line 4738.
LaTeX Info: Redefining \ref on input line 4778.
LaTeX Info: Redefining \pageref on input line 4782.

(/usr/local/texlive/2009/texmf-dist/tex/generic/oberdiek/atbegshi.sty
Package: atbegshi 2009/12/02 v1.10 At begin shipout hook (HO)
)
\Hy@abspage=\count106
\c@Item=\count107
\c@Hfootnote=\count108
)
*hyperref using default driver hpdftex*
(/usr/local/texlive/2009/texmf-dist/tex/latex/hyperref/hpdftex.def
File: hpdftex.def 2010/02/21 v6.80f Hyperref driver for pdfTeX

(/usr/local/texlive/2009/texmf-dist/tex/latex/oberdiek/atveryend.sty
Package: atveryend 2010/01/25 v1.4 Hooks at very end of document (HO)
Package atveryend Info: \enddocument detected (standard).
)
\Fld@listcount=\count109
\c@bookmark@seq@number=\count110

(/usr/local/texlive/2009/texmf-dist/tex/latex/oberdiek/rerunfilecheck.sty
Package: rerunfilecheck 2010/02/22 v1.4 Rerun checks for auxiliary files (HO)

(/usr/local/texlive/2009/texmf-dist/tex/generic/oberdiek/uniquecounter.sty
Package: uniquecounter 2009/12/18 v1.1 Provides unlimited unique counter (HO)
)
Package uniquecounter Info: New unique counter `rerunfilecheck' on input line 2
70.
)
\Hy@SectionHShift=\skip52
)
Package hyperref Info: Option `colorlinks' set `true' on input line 104.
Package hyperref Info: Option `breaklinks' set `true' on input line 104.
Package hyperref Info: Option `bookmarksopen' set `true' on input line 104.
Package hyperref Info: Option `bookmarksnumbered' set `true' on input line 104.

Package hyperref Info: Option `plainpages' set `false' on input line 104.
Package hyperref Info: Option `pdfdisplaydoctitle' set `true' on input line 104
.
Package hyperref Info: Option `hypertexnames' set `false' on input line 104.
\headersize=\skip53
\EPUlogo=\box26


pdfTeX warning: /usr/texbin/pdflatex (file ./logos/Logo_Polytech_Tours.pdf): PD
F inclusion: found PDF version <1.6>, but at most version <1.4> allowed
<logos/Logo_Polytech_Tours.pdf, id=1, 306.18391pt x 95.1555pt>
File: logos/Logo_Polytech_Tours.pdf Graphic file (type pdf)

<use logos/Logo_Polytech_Tours.pdf>) (./include.tex)
(/usr/local/texlive/2009/texmf-dist/tex/latex/algorithms/algorithm.sty
Package: algorithm 2009/08/24 v0.1 Document Style `algorithm' - floating enviro
nment

(/usr/local/texlive/2009/texmf-dist/tex/latex/float/float.sty
Package: float 2001/11/08 v1.3d Float enhancements (AL)
\c@float@type=\count111
\float@exts=\toks16
\float@box=\box27
\@float@everytoks=\toks17
\@floatcapt=\box28
)
\@float@every@algorithm=\toks18
\c@algorithm=\count112
)
(/usr/local/texlive/2009/texmf-dist/tex/latex/pgf/basiclayer/pgf.sty
(/usr/local/texlive/2009/texmf-dist/tex/latex/pgf/utilities/pgfrcs.sty
(/usr/local/texlive/2009/texmf-dist/tex/generic/pgf/utilities/pgfutil-common.te
x
\pgfutil@everybye=\toks19
)
(/usr/local/texlive/2009/texmf-dist/tex/generic/pgf/utilities/pgfutil-latex.def
) (/usr/local/texlive/2009/texmf-dist/tex/generic/pgf/utilities/pgfrcs.code.tex
Package: pgfrcs 2008/02/20 v2.00 (rcs-revision 1.21)
))
Package: pgf 2008/01/15 v2.00 (rcs-revision 1.12)
 (/usr/local/texlive/2009/texmf-dist/tex/latex/pgf/basiclayer/pgfcore.sty
(/usr/local/texlive/2009/texmf-dist/tex/latex/pgf/systemlayer/pgfsys.sty
(/usr/local/texlive/2009/texmf-dist/tex/generic/pgf/systemlayer/pgfsys.code.tex
Package: pgfsys 2008/02/07 v2.00 (rcs-revision 1.31)
(/usr/local/texlive/2009/texmf-dist/tex/generic/pgf/utilities/pgfkeys.code.tex
\pgfkeys@pathtoks=\toks20
\pgfkeys@temptoks=\toks21
)
\pgf@x=\dimen111
\pgf@y=\dimen112
\pgf@xa=\dimen113
\pgf@ya=\dimen114
\pgf@xb=\dimen115
\pgf@yb=\dimen116
\pgf@xc=\dimen117
\pgf@yc=\dimen118
\c@pgf@counta=\count113
\c@pgf@countb=\count114
\c@pgf@countc=\count115
\c@pgf@countd=\count116
(/usr/local/texlive/2009/texmf-dist/tex/generic/pgf/systemlayer/pgf.cfg
File: pgf.cfg 2008/01/13  (rcs-revision 1.6)
)
Package pgfsys Info: Driver file for pgf: pgfsys-pdftex.def on input line 885.

(/usr/local/texlive/2009/texmf-dist/tex/generic/pgf/systemlayer/pgfsys-pdftex.d
ef
File: pgfsys-pdftex.def 2007/12/20  (rcs-revision 1.20)

(/usr/local/texlive/2009/texmf-dist/tex/generic/pgf/systemlayer/pgfsys-common-p
df.def
File: pgfsys-common-pdf.def 2007/12/17  (rcs-revision 1.8)
)))
(/usr/local/texlive/2009/texmf-dist/tex/generic/pgf/systemlayer/pgfsyssoftpath.
code.tex
File: pgfsyssoftpath.code.tex 2008/01/23  (rcs-revision 1.6)
\pgfsyssoftpath@smallbuffer@items=\count117
\pgfsyssoftpath@bigbuffer@items=\count118
)
(/usr/local/texlive/2009/texmf-dist/tex/generic/pgf/systemlayer/pgfsysprotocol.
code.tex
File: pgfsysprotocol.code.tex 2006/10/16  (rcs-revision 1.4)
))
(/usr/local/texlive/2009/texmf-dist/tex/generic/pgf/basiclayer/pgfcore.code.tex
Package: pgfcore 2008/01/15 v2.00 (rcs-revision 1.6)
(/usr/local/texlive/2009/texmf-dist/tex/generic/pgf/math/pgfmath.code.tex
(/usr/local/texlive/2009/texmf-dist/tex/generic/pgf/math/pgfmathcalc.code.tex
(/usr/local/texlive/2009/texmf-dist/tex/generic/pgf/math/pgfmathutil.code.tex
\pgfmath@box=\box29
)
(/usr/local/texlive/2009/texmf-dist/tex/generic/pgf/math/pgfmathparser.code.tex
\pgfmath@stack=\toks22
\c@pgfmath@parsecounta=\count119
\c@pgfmath@parsecountb=\count120
\c@pgfmath@parsecountc=\count121
\pgfmath@parsex=\dimen119
)
(/usr/local/texlive/2009/texmf-dist/tex/generic/pgf/math/pgfmathoperations.code
.tex
(/usr/local/texlive/2009/texmf-dist/tex/generic/pgf/math/pgfmathtrig.code.tex)
(/usr/local/texlive/2009/texmf-dist/tex/generic/pgf/math/pgfmathrnd.code.tex))
(/usr/local/texlive/2009/texmf-dist/tex/generic/pgf/math/pgfmathbase.code.tex))
)
(/usr/local/texlive/2009/texmf-dist/tex/generic/pgf/basiclayer/pgfcorepoints.co
de.tex
File: pgfcorepoints.code.tex 2008/02/03  (rcs-revision 1.13)
\pgf@picminx=\dimen120
\pgf@picmaxx=\dimen121
\pgf@picminy=\dimen122
\pgf@picmaxy=\dimen123
\pgf@pathminx=\dimen124
\pgf@pathmaxx=\dimen125
\pgf@pathminy=\dimen126
\pgf@pathmaxy=\dimen127
\pgf@xx=\dimen128
\pgf@xy=\dimen129
\pgf@yx=\dimen130
\pgf@yy=\dimen131
\pgf@zx=\dimen132
\pgf@zy=\dimen133
)
(/usr/local/texlive/2009/texmf-dist/tex/generic/pgf/basiclayer/pgfcorepathconst
ruct.code.tex
File: pgfcorepathconstruct.code.tex 2008/02/13  (rcs-revision 1.14)
\pgf@path@lastx=\dimen134
\pgf@path@lasty=\dimen135
)
(/usr/local/texlive/2009/texmf-dist/tex/generic/pgf/basiclayer/pgfcorepathusage
.code.tex
File: pgfcorepathusage.code.tex 2008/01/23  (rcs-revision 1.11)
\pgf@shorten@end@additional=\dimen136
\pgf@shorten@start@additional=\dimen137
)
(/usr/local/texlive/2009/texmf-dist/tex/generic/pgf/basiclayer/pgfcorescopes.co
de.tex
File: pgfcorescopes.code.tex 2008/01/15  (rcs-revision 1.26)
\pgfpic=\box30
\pgf@hbox=\box31
\pgf@layerbox@main=\box32
\pgf@picture@serial@count=\count122
)
(/usr/local/texlive/2009/texmf-dist/tex/generic/pgf/basiclayer/pgfcoregraphicst
ate.code.tex
File: pgfcoregraphicstate.code.tex 2007/12/12  (rcs-revision 1.8)
\pgflinewidth=\dimen138
)
(/usr/local/texlive/2009/texmf-dist/tex/generic/pgf/basiclayer/pgfcoretransform
ations.code.tex
File: pgfcoretransformations.code.tex 2008/02/04  (rcs-revision 1.10)
\pgf@pt@x=\dimen139
\pgf@pt@y=\dimen140
\pgf@pt@temp=\dimen141
)
(/usr/local/texlive/2009/texmf-dist/tex/generic/pgf/basiclayer/pgfcorequick.cod
e.tex
File: pgfcorequick.code.tex 2006/10/11  (rcs-revision 1.2)
)
(/usr/local/texlive/2009/texmf-dist/tex/generic/pgf/basiclayer/pgfcoreobjects.c
ode.tex
File: pgfcoreobjects.code.tex 2006/10/11  (rcs-revision 1.2)
)
(/usr/local/texlive/2009/texmf-dist/tex/generic/pgf/basiclayer/pgfcorepathproce
ssing.code.tex
File: pgfcorepathprocessing.code.tex 2008/01/23  (rcs-revision 1.7)
)
(/usr/local/texlive/2009/texmf-dist/tex/generic/pgf/basiclayer/pgfcorearrows.co
de.tex
File: pgfcorearrows.code.tex 2007/06/07  (rcs-revision 1.8)
)
(/usr/local/texlive/2009/texmf-dist/tex/generic/pgf/basiclayer/pgfcoreshade.cod
e.tex
File: pgfcoreshade.code.tex 2007/12/10  (rcs-revision 1.9)
\pgf@max=\dimen142
\pgf@sys@shading@range@num=\count123
)
(/usr/local/texlive/2009/texmf-dist/tex/generic/pgf/basiclayer/pgfcoreimage.cod
e.tex
File: pgfcoreimage.code.tex 2008/01/15  (rcs-revision 1.1)
\pgfexternal@startupbox=\box33
)
(/usr/local/texlive/2009/texmf-dist/tex/generic/pgf/basiclayer/pgfcorelayers.co
de.tex
File: pgfcorelayers.code.tex 2008/01/15  (rcs-revision 1.1)
)
(/usr/local/texlive/2009/texmf-dist/tex/generic/pgf/basiclayer/pgfcoretranspare
ncy.code.tex
File: pgfcoretransparency.code.tex 2008/01/17  (rcs-revision 1.2)
)
(/usr/local/texlive/2009/texmf-dist/tex/generic/pgf/basiclayer/pgfcorepatterns.
code.tex
File: pgfcorepatterns.code.tex 2008/01/15  (rcs-revision 1.1)
)))
(/usr/local/texlive/2009/texmf-dist/tex/generic/pgf/modules/pgfmoduleshapes.cod
e.tex
File: pgfmoduleshapes.code.tex 2008/02/13  (rcs-revision 1.4)
\pgfnodeparttextbox=\box34
\toks@savedmacro=\toks23
)
(/usr/local/texlive/2009/texmf-dist/tex/generic/pgf/modules/pgfmoduleplot.code.
tex
File: pgfmoduleplot.code.tex 2008/01/15  (rcs-revision 1.1)
\pgf@plotwrite=\write4
)
(/usr/local/texlive/2009/texmf-dist/tex/latex/pgf/compatibility/pgfcomp-version
-0-65.sty
Package: pgfcomp-version-0-65 2007/07/03 v2.00 (rcs-revision 1.7)
\pgf@nodesepstart=\dimen143
\pgf@nodesepend=\dimen144
)
(/usr/local/texlive/2009/texmf-dist/tex/latex/pgf/compatibility/pgfcomp-version
-1-18.sty
Package: pgfcomp-version-1-18 2007/07/23 v2.00 (rcs-revision 1.1)
))
(/usr/local/texlive/2009/texmf-dist/tex/latex/pgf/frontendlayer/tikz.sty
(/usr/local/texlive/2009/texmf-dist/tex/latex/pgf/utilities/pgffor.sty
(/usr/local/texlive/2009/texmf-dist/tex/generic/pgf/utilities/pgffor.code.tex
Package: pgffor 2007/11/07 v2.00 (rcs-revision 1.8)
\pgffor@iter=\dimen145
\pgffor@skip=\dimen146
))
(/usr/local/texlive/2009/texmf-dist/tex/generic/pgf/frontendlayer/tikz/tikz.cod
e.tex
Package: tikz 2008/02/13 v2.00 (rcs-revision 1.27)

(/usr/local/texlive/2009/texmf-dist/tex/generic/pgf/libraries/pgflibraryplothan
dlers.code.tex
File: pgflibraryplothandlers.code.tex 2007/03/09 v2.00 (rcs-revision 1.9)
\pgf@plot@mark@count=\count124
\pgfplotmarksize=\dimen147
)
\tikz@lastx=\dimen148
\tikz@lasty=\dimen149
\tikz@lastxsaved=\dimen150
\tikz@lastysaved=\dimen151
\tikzleveldistance=\dimen152
\tikzsiblingdistance=\dimen153
\tikz@figbox=\box35
\tikz@tempbox=\box36
\tikztreelevel=\count125
\tikznumberofchildren=\count126
\tikznumberofcurrentchild=\count127
\tikz@fig@count=\count128

(/usr/local/texlive/2009/texmf-dist/tex/generic/pgf/modules/pgfmodulematrix.cod
e.tex
File: pgfmodulematrix.code.tex 2008/01/15  (rcs-revision 1.1)
\pgfmatrixcurrentrow=\count129
\pgfmatrixcurrentcolumn=\count130
\pgf@matrix@numberofcolumns=\count131
)
\tikz@expandcount=\count132

(/usr/local/texlive/2009/texmf-dist/tex/generic/pgf/frontendlayer/tikz/librarie
s/tikzlibrarytopaths.code.tex
File: tikzlibrarytopaths.code.tex 2008/01/09 v2.00 (rcs-revision 1.1)
)))
(/usr/local/texlive/2009/texmf-dist/tex/generic/pgf/frontendlayer/tikz/librarie
s/tikzlibraryarrows.code.tex
File: tikzlibraryarrows.code.tex 2008/01/09 v2.00 (rcs-revision 1.1)

(/usr/local/texlive/2009/texmf-dist/tex/generic/pgf/libraries/pgflibraryarrows.
code.tex
File: pgflibraryarrows.code.tex 2007/06/07 v2.00 (rcs-revision 1.7)
))
(/usr/local/texlive/2009/texmf-dist/tex/generic/pgf/frontendlayer/tikz/librarie
s/tikzlibraryautomata.code.tex
File: tikzlibraryautomata.code.tex 2008/02/14 v2.00 (rcs-revision 1.2)
)
(/usr/local/texlive/2009/texmf-dist/tex/latex/listings/listings.sty
\lst@mode=\count133
\lst@gtempboxa=\box37
\lst@token=\toks24
\lst@length=\count134
\lst@currlwidth=\dimen154
\lst@column=\count135
\lst@pos=\count136
\lst@lostspace=\dimen155
\lst@width=\dimen156
\lst@newlines=\count137
\lst@lineno=\count138
\lst@maxwidth=\dimen157

(/usr/local/texlive/2009/texmf-dist/tex/latex/listings/lstmisc.sty
File: lstmisc.sty 2007/02/22 1.4 (Carsten Heinz)
\c@lstnumber=\count139
\lst@skipnumbers=\count140
\lst@framebox=\box38
)
(/usr/local/texlive/2009/texmf-dist/tex/latex/listings/listings.cfg
File: listings.cfg 2007/02/22 1.4 listings configuration
))
Package: listings 2007/02/22 1.4 (Carsten Heinz)

(/usr/local/texlive/2009/texmf-dist/tex/latex/tools/verbatim.sty
Package: verbatim 2003/08/22 v1.5q LaTeX2e package for verbatim enhancements
\every@verbatim=\toks25
\verbatim@line=\toks26
\verbatim@in@stream=\read1
)
(/usr/local/texlive/2009/texmf-dist/tex/latex/microtype/microtype.sty
Package: microtype 2010/01/10 v2.4 Micro-typography with pdfTeX (RS)
\MT@toks=\toks27
\MT@count=\count141
LaTeX Info: Redefining \lsstyle on input line 1597.
LaTeX Info: Redefining \lslig on input line 1597.
\MT@outer@space=\skip54
LaTeX Info: Redefining \textls on input line 1605.
\MT@outer@kern=\dimen158
LaTeX Info: Redefining \textmicrotypecontext on input line 2156.
Package microtype Info: Loading configuration file microtype.cfg.

(/usr/local/texlive/2009/texmf-dist/tex/latex/microtype/microtype.cfg
File: microtype.cfg 2010/01/10 v2.4 microtype main configuration file (RS)
))
(./Modele_Rapport.aux

LaTeX Warning: Label `' multiply defined.


LaTeX Warning: Label `' multiply defined.


LaTeX Warning: Label `' multiply defined.


LaTeX Warning: Label `' multiply defined.


LaTeX Warning: Label `' multiply defined.


LaTeX Warning: Label `fig:Le site Géovélo' multiply defined.


LaTeX Warning: Label `fig:Diagramme de gantt du projet' multiply defined.

)
\openout1 = `Modele_Rapport.aux'.

LaTeX Font Info:    Checking defaults for OML/cmm/m/it on input line 58.
LaTeX Font Info:    ... okay on input line 58.
LaTeX Font Info:    Checking defaults for T1/cmr/m/n on input line 58.
LaTeX Font Info:    ... okay on input line 58.
LaTeX Font Info:    Checking defaults for OT1/cmr/m/n on input line 58.
LaTeX Font Info:    ... okay on input line 58.
LaTeX Font Info:    Checking defaults for OMS/cmsy/m/n on input line 58.
LaTeX Font Info:    ... okay on input line 58.
LaTeX Font Info:    Checking defaults for OMX/cmex/m/n on input line 58.
LaTeX Font Info:    ... okay on input line 58.
LaTeX Font Info:    Checking defaults for U/cmr/m/n on input line 58.
LaTeX Font Info:    ... okay on input line 58.
LaTeX Font Info:    Checking defaults for PD1/pdf/m/n on input line 58.
LaTeX Font Info:    ... okay on input line 58.
LaTeX Font Info:    Try loading font information for T1+lmr on input line 58.
 (/usr/local/texlive/2009/texmf-dist/tex/latex/lm/t1lmr.fd
File: t1lmr.fd 2009/10/30 v1.6 Font defs for Latin Modern
)
LaTeX Info: Redefining \degres on input line 58.
LaTeX Info: Redefining \dots on input line 58.
LaTeX Info: Redefining \up on input line 58.

(/usr/local/texlive/2009/texmf-dist/tex/context/base/supp-pdf.mkii
[Loading MPS to PDF converter (version 2006.09.02).]
\scratchcounter=\count142
\scratchdimen=\dimen159
\scratchbox=\box39
\nofMPsegments=\count143
\nofMParguments=\count144
\everyMPshowfont=\toks28
\MPscratchCnt=\count145
\MPscratchDim=\dimen160
\MPnumerator=\count146
\everyMPtoPDFconversion=\toks29
)
Package hyperref Info: Link coloring ON on input line 58.
 (/usr/local/texlive/2009/texmf-dist/tex/latex/hyperref/nameref.sty
Package: nameref 2010/01/25 v2.36 Cross-referencing by name of section

(/usr/local/texlive/2009/texmf-dist/tex/latex/oberdiek/refcount.sty
Package: refcount 2008/08/11 v3.1 Data extraction from references (HO)
)
(/usr/local/texlive/2009/texmf-dist/tex/generic/oberdiek/gettitlestring.sty
Package: gettitlestring 2009/12/18 v1.3 Cleanup title references (HO)
)
\c@section@level=\count147
)
LaTeX Info: Redefining \ref on input line 58.
LaTeX Info: Redefining \pageref on input line 58.

(./Modele_Rapport.out) (./Modele_Rapport.out)
\@outlinefile=\write5
\openout5 = `Modele_Rapport.out'.

\AtBeginShipoutBox=\box40
LaTeX Font Info:    Try loading font information for T1+lmss on input line 58.

(/usr/local/texlive/2009/texmf-dist/tex/latex/lm/t1lmss.fd
File: t1lmss.fd 2009/10/30 v1.6 Font defs for Latin Modern
)
File: logos/Logo_Polytech_Tours.pdf Graphic file (type pdf)

<use logos/Logo_Polytech_Tours.pdf>
LaTeX Font Info:    Try loading font information for T1+lmtt on input line 58.

(/usr/local/texlive/2009/texmf-dist/tex/latex/lm/t1lmtt.fd
File: t1lmtt.fd 2009/10/30 v1.6 Font defs for Latin Modern
)
<geovelo.pdf, id=272, 289.08pt x 149.55875pt>
File: geovelo.pdf Graphic file (type pdf)
 <use geovelo.pdf> [1

{/usr/local/texlive/2009/texmf-var/fonts/map/pdftex/updmap/pdftex.map} <./logos
/Logo_Polytech_Tours.pdf> <./geovelo.pdf>] [2] (./Modele_Rapport.toc
LaTeX Font Info:    Try loading font information for OT1+lmr on input line 3.

(/usr/local/texlive/2009/texmf-dist/tex/latex/lm/ot1lmr.fd
File: ot1lmr.fd 2009/10/30 v1.6 Font defs for Latin Modern
)
LaTeX Font Info:    Try loading font information for OML+lmm on input line 3.

(/usr/local/texlive/2009/texmf-dist/tex/latex/lm/omllmm.fd
File: omllmm.fd 2009/10/30 v1.6 Font defs for Latin Modern
)
LaTeX Font Info:    Try loading font information for OMS+lmsy on input line 3.

(/usr/local/texlive/2009/texmf-dist/tex/latex/lm/omslmsy.fd
File: omslmsy.fd 2009/10/30 v1.6 Font defs for Latin Modern
)
LaTeX Font Info:    Try loading font information for OMX+lmex on input line 3.

(/usr/local/texlive/2009/texmf-dist/tex/latex/lm/omxlmex.fd
File: omxlmex.fd 2009/10/30 v1.6 Font defs for Latin Modern
)
LaTeX Font Info:    External font `lmex10' loaded for size
(Font)              <10.95> on input line 3.
LaTeX Font Info:    External font `lmex10' loaded for size
(Font)              <8> on input line 3.
LaTeX Font Info:    External font `lmex10' loaded for size
(Font)              <6> on input line 3.
 [3

])
\tf@toc=\write6
\openout6 = `Modele_Rapport.toc'.

 [4]
(./Modele_Rapport.lof)
\tf@lof=\write7
\openout7 = `Modele_Rapport.lof'.

 [5

] [6] (./Modele_Rapport.lot)
\tf@lot=\write8
\openout8 = `Modele_Rapport.lot'.

 [7

]
\c@lstlisting=\count148
LaTeX Info: Redefining \microtypecontext on input line 58.
Package microtype Info: Generating PDF output.
Package microtype Info: Character protrusion enabled (level 2).
Package microtype Info: Using default protrusion set `alltext'.
Package microtype Info: Automatic font expansion enabled (level 2),
(microtype)             stretch: 20, shrink: 20, step: 1, non-selected.
Package microtype Info: Using default expansion set `basictext'.
Package microtype Info: No tracking.
Package microtype Info: No adjustment of interword spacing.
Package microtype Info: Adjustment of character kerning enabled.
Package microtype Info: Using default kerning set `alltext'.
Package microtype Info: Redefining babel's language switching commands.
Package microtype Info: Switching off French babel's active characters (:;!?).

pdfTeX warning (font expansion): font should be expanded before its first use
(/usr/local/texlive/2009/texmf-dist/tex/latex/microtype/mt-cmr.cfg
File: mt-cmr.cfg 2009/11/09 v2.0 microtype config. file: Computer Modern Roman 
(RS)
)
pdfTeX warning (font expansion): font should be expanded before its first use
[8

] [9

]
Chapitre 1.

LaTeX Font Warning: Font shape `T1/lmss/m/sc' in size <10.95> not available
(Font)              Font shape `T1/lmr/m/sc' tried instead on input line 81.

Package microtype Info: Character `029' is missing
(microtype)             in font `T1/lmr/m/sc/10.95'.
(microtype)             Ignoring protrusion settings for this character.
<images/Site.png, id=497, 1079.53313pt x 552.56438pt>
File: images/Site.png Graphic file (type png)
 <use images/Site.png>
Underfull \hbox (badness 10000) in paragraph at lines 94--95

 []


Underfull \hbox (badness 10000) in paragraph at lines 102--103

 []


Underfull \hbox (badness 10000) in paragraph at lines 107--108

 []

[10

 <./images/Site.png>]
Underfull \hbox (badness 10000) in paragraph at lines 115--116

 []

<images/usecase.png, id=507, 534.99875pt x 797.98125pt>
File: images/usecase.png Graphic file (type png)

<use images/usecase.png>
Underfull \hbox (badness 10000) in paragraph at lines 133--134

 []


Underfull \vbox (badness 1365) has occurred while \output is active []

 [11 <./images/usecase.png>]
Underfull \hbox (badness 10000) in paragraph at lines 139--140

 []


Underfull \hbox (badness 10000) in paragraph at lines 143--144

 []


Underfull \hbox (badness 10000) in paragraph at lines 145--146

 []


Underfull \hbox (badness 10000) in paragraph at lines 147--148

 []


Underfull \hbox (badness 10000) in paragraph at lines 149--150

 []


Underfull \hbox (badness 10000) in paragraph at lines 160--161

 []


Underfull \hbox (badness 10000) in paragraph at lines 167--168

 []

[12]
Underfull \hbox (badness 10000) in paragraph at lines 171--172

 []


Underfull \hbox (badness 10000) in paragraph at lines 175--176

 []


Underfull \hbox (badness 10000) in paragraph at lines 209--210

 []


Underfull \hbox (badness 10000) in paragraph at lines 211--212

 []

<Images/preferences.pdf, id=522, 378.41376pt x 195.73125pt>
File: Images/preferences.pdf Graphic file (type pdf)

<use Images/preferences.pdf> [13]
Underfull \hbox (badness 10000) in paragraph at lines 264--265

 []

[14 <./Images/preferences.pdf>]
Underfull \hbox (badness 10000) in paragraph at lines 265--266

 []


Underfull \hbox (badness 10000) in paragraph at lines 291--292

 []

[15]
Chapitre 2.

Underfull \hbox (badness 10000) in paragraph at lines 305--306

 []

(./Schemas/bicritere.tex) [16

]
Underfull \hbox (badness 10000) in paragraph at lines 355--356

 []

[17]
Package hyperref Info: bookmark level for unknown algorithm defaults to 0 on in
put line 360.
 (./Schemas/dijkstra1.tex) [18] (./Schemas/dijkstra2.tex)
Underfull \hbox (badness 10000) in paragraph at lines 436--437

 []


Underfull \hbox (badness 10000) in paragraph at lines 440--441

 []


Underfull \hbox (badness 10000) in paragraph at lines 442--443

 []


Underfull \hbox (badness 10000) in paragraph at lines 444--445

 []

[19] <Schemas/front_pareto.pdf, id=644, 511.9125pt x 318.18875pt>
File: Schemas/front_pareto.pdf Graphic file (type pdf)

<use Schemas/front_pareto.pdf>
Underfull \hbox (badness 10000) in paragraph at lines 467--468

 []


Underfull \hbox (badness 10000) in paragraph at lines 474--475

 []

[20 <./Schemas/front_pareto.pdf>]
<Schemas/dominance.pdf, id=756, 524.96124pt x 318.18875pt>
File: Schemas/dominance.pdf Graphic file (type pdf)

<use Schemas/dominance.pdf>
Underfull \hbox (badness 10000) in paragraph at lines 494--495

 []


Underfull \hbox (badness 10000) in paragraph at lines 500--501

 []


Underfull \hbox (badness 10000) in paragraph at lines 508--510

 []


Underfull \hbox (badness 10000) in paragraph at lines 515--516

 []

[21 <./Schemas/dominance.pdf>]
<Schemas/traiter.pdf, id=865, 386.44376pt x 242.9075pt>
File: Schemas/traiter.pdf Graphic file (type pdf)

<use Schemas/traiter.pdf> [22 <./Schemas/traiter.pdf>]
<Schemas/solution.pdf, id=887, 469.755pt x 321.2pt>
File: Schemas/solution.pdf Graphic file (type pdf)
 <use Schemas/solution.pdf>
(./Schemas/Tchebycheff.tex)
Underfull \hbox (badness 10000) in paragraph at lines 617--618

 []

[23 <./Schemas/solution.pdf>]
Underfull \hbox (badness 10000) in paragraph at lines 630--631

 []

<Schemas/solution2.pdf, id=922, 469.755pt x 321.2pt>
File: Schemas/solution2.pdf Graphic file (type pdf)

<use Schemas/solution2.pdf>
<Schemas/formule.pdf, id=923, 507.8975pt x 190.7125pt>
File: Schemas/formule.pdf Graphic file (type pdf)

<use Schemas/formule.pdf>
Underfull \hbox (badness 10000) in paragraph at lines 655--656

 []

[24 <./Schemas/solution2.pdf> <./Schemas/formule.pdf>] [25]
Chapitre 3.
<Schemas/archi.pdf, id=974, 374.39874pt x 357.335pt>
File: Schemas/archi.pdf Graphic file (type pdf)
 <use Schemas/archi.pdf>
[26

 <./Schemas/archi.pdf>]
<Schemas/archi1.pdf, id=1058, 496.85625pt x 357.335pt>
File: Schemas/archi1.pdf Graphic file (type pdf)

<use Schemas/archi1.pdf>
Underfull \hbox (badness 10000) in paragraph at lines 704--705

 []

(/usr/local/texlive/2009/texmf-dist/tex/latex/listings/lstlang1.sty
File: lstlang1.sty 2004/09/05 1.3 listings language file
)
(/usr/local/texlive/2009/texmf-dist/tex/latex/listings/lstlang1.sty
File: lstlang1.sty 2004/09/05 1.3 listings language file
)
(/usr/local/texlive/2009/texmf-dist/tex/latex/listings/lstmisc.sty
File: lstmisc.sty 2007/02/22 1.4 (Carsten Heinz)
)
LaTeX Font Info:    Font shape `T1/lmtt/bx/n' in size <9> not available
(Font)              Font shape `T1/lmtt/b/n' tried instead on input line 718.
 [27 <./Schemas/archi1.pdf>]
Underfull \hbox (badness 10000) in paragraph at lines 763--764

 []

[28]
Underfull \hbox (badness 10000) in paragraph at lines 803--804

 []

[29] <Schemas/flowchart.pdf, id=1194, 371.3875pt x 780.9175pt>
File: Schemas/flowchart.pdf Graphic file (type pdf)

<use Schemas/flowchart.pdf> [30 <./Schemas/flowchart.pdf>]
<images/zone1.png, id=1312, 1439.3775pt x 736.7525pt>
File: images/zone1.png Graphic file (type png)
 <use images/zone1.png>
[31 <./images/zone1.png>]
<Schemas/site.pdf, id=1327, 552.0625pt x 534.99875pt>
File: Schemas/site.pdf Graphic file (type pdf)
 <use Schemas/site.pdf>
Underfull \hbox (badness 10000) in paragraph at lines 878--879

 []

[32 <./Schemas/site.pdf>]
<images/zone2.png, id=1493, 1000.73875pt x 631.35875pt>
File: images/zone2.png Graphic file (type png)
 <use images/zone2.png>
<images/zone3.png, id=1494, 497.6994pt x 95.3964pt>
File: images/zone3.png Graphic file (type png)
 <use images/zone3.png>
Underfull \hbox (badness 10000) in paragraph at lines 909--910

 []

[33 <./images/zone2.png> <./images/zone3.png>]
Underfull \hbox (badness 10000) in paragraph at lines 918--919

 []

(/usr/local/texlive/2009/texmf-dist/tex/latex/listings/lstlang1.sty
File: lstlang1.sty 2004/09/05 1.3 listings language file
)
Underfull \hbox (badness 10000) in paragraph at lines 950--951

 []

[34]
Underfull \hbox (badness 10000) in paragraph at lines 992--993

 []


Underfull \hbox (badness 10000) in paragraph at lines 1032--1033

 []

[35]
Underfull \hbox (badness 10000) in paragraph at lines 1052--1053

 []


Underfull \hbox (badness 10000) in paragraph at lines 1068--1069

 []


Underfull \hbox (badness 10000) in paragraph at lines 1090--1091

 []

[36] <Schemas/effort.pdf, id=1638, 714.67pt x 453.695pt>
File: Schemas/effort.pdf Graphic file (type pdf)

<use Schemas/effort.pdf> [37 <./Schemas/effort.pdf>]
<images/zone4.png, id=1719, 1003.75pt x 648.4225pt>
File: images/zone4.png Graphic file (type png)
 <use images/zone4.png>
[38 <./images/zone4.png>] [39]
<Schemas/flowchart2.pdf, id=1763, 415.5525pt x 590.205pt>
File: Schemas/flowchart2.pdf Graphic file (type pdf)

<use Schemas/flowchart2.pdf>
<images/temps1.png, id=1764, 458.71375pt x 311.1625pt>
File: images/temps1.png Graphic file (type png)
 <use images/temps1.png>
Underfull \vbox (badness 1178) has occurred while \output is active []

 [40 <./Schemas/flowchart2.pdf>]
Overfull \hbox (2.34898pt too wide) in paragraph at lines 1243--1244
[]\T1/lmss/m/n/10.95 (-20) Pour évi-ter ce pro-blème, une idée est de mo-di-fie
r la pa-ra-mètre $\OML/lmm/m/it/10.95 "$ \T1/lmss/m/n/10.95 (-20) qui sont dans
 la fonc-tion \T1/lmtt/m/n/10.95 testDomination\T1/lmss/m/n/10.95 (-20) .
 []

[41 <./images/temps1.png>]
Underfull \hbox (badness 10000) in paragraph at lines 1267--1268

 []


Underfull \hbox (badness 10000) in paragraph at lines 1295--1296

 []

[42]
Overfull \hbox (20.34099pt too wide) in paragraph at lines 1329--1352
[][]
 []

[43] <images/zoneoriginale.png, id=1911, 1004.75375pt x 632.3625pt>
File: images/zoneoriginale.png Graphic file (type png)

<use images/zoneoriginale.png> [44 <./images/zoneoriginale.png>]
<images/zone5.png, id=1918, 1437.37pt x 738.76pt>
File: images/zone5.png Graphic file (type png)
 <use images/zone5.png>
Overfull \hbox (19.39018pt too wide) in paragraph at lines 1388--1389
 [][] 
 []

[45 <./images/zone5.png>]
Chapitre 4.
(./src-test.tex [46

]
Annexe A.

Package hyperref Warning: Token not allowed in a PDF string (PDFDocEncoding):
(hyperref)                removing `math shift' on input line 1.


Package hyperref Warning: Token not allowed in a PDF string (PDFDocEncoding):
(hyperref)                removing `\varepsilon' on input line 1.


Package hyperref Warning: Token not allowed in a PDF string (PDFDocEncoding):
(hyperref)                removing `math shift' on input line 1.

LaTeX Font Info:    External font `lmex10' loaded for size
(Font)              <24.88> on input line 1.
LaTeX Font Info:    External font `lmex10' loaded for size
(Font)              <20.74> on input line 1.
LaTeX Font Info:    External font `lmex10' loaded for size
(Font)              <17.28> on input line 1.

pdfTeX warning (font expansion): font should be expanded before its first use

Overfull \hbox (15.79347pt too wide) in paragraph at lines 5--28
[][]
 []

[47

]
Overfull \hbox (15.79347pt too wide) in paragraph at lines 36--59
[][]
 []

[48]
Overfull \hbox (15.79347pt too wide) in paragraph at lines 67--90
[][]
 []

) (./src-conf.tex [49]
Annexe B.

Underfull \hbox (badness 10000) in paragraph at lines 11--12

 []


Underfull \hbox (badness 10000) in paragraph at lines 13--34

 []


Underfull \hbox (badness 10000) in paragraph at lines 13--34

 []

[50

]
Underfull \hbox (badness 10000) in paragraph at lines 69--70

 []

<images/pdAdmin.png, id=1962, 350.05782pt x 392.96812pt>
File: images/pdAdmin.png Graphic file (type png)

<use images/pdAdmin.png>
Underfull \hbox (badness 10000) in paragraph at lines 97--98

 []

[51 <./images/pdAdmin.png (PNG copy)>]
Underfull \hbox (badness 10000) in paragraph at lines 125--126

 []


Underfull \hbox (badness 10000) in paragraph at lines 133--134

 []

[52] <images/Linker_settings.png, id=1991, 828.84656pt x 452.4403pt>
File: images/Linker_settings.png Graphic file (type png)

<use images/Linker_settings.png>
Overfull \hbox (13.61491pt too wide) in paragraph at lines 142--143
 [][] 
 []

<images/Search_directories.png, id=1992, 825.83531pt x 449.42906pt>
File: images/Search_directories.png Graphic file (type png)

<use images/Search_directories.png>
Overfull \hbox (11.80815pt too wide) in paragraph at lines 149--150
 [][] 
 []

[53 <./images/Linker_settings.png (PNG copy)> <./images/Search_directories.png 
(PNG copy)>] <images/settings.png, id=1999, 732.7375pt x 672.5125pt>
File: images/settings.png Graphic file (type png)

<use images/settings.png>
Underfull \hbox (badness 10000) in paragraph at lines 163--164

 []

<images/ServerXmlRpc.png, id=2000, 372.64218pt x 261.22594pt>
File: images/ServerXmlRpc.png Graphic file (type png)

<use images/ServerXmlRpc.png> [54 <./images/settings.png (PNG copy)> <./images/
ServerXmlRpc.png (PNG copy)>]) (./src-cdc.tex [55]
Annexe C.

Underfull \hbox (badness 10000) in paragraph at lines 4--5

 []

[56

]
Annexe D.
[57

]
Annexe E.

Underfull \hbox (badness 10000) in paragraph at lines 24--25

 []


Underfull \hbox (badness 10000) in paragraph at lines 26--27

 []


Underfull \hbox (badness 10000) in paragraph at lines 28--29

 []


Underfull \hbox (badness 10000) in paragraph at lines 33--34

 []

[58

] <images/2_1_1.png, id=2040, 1079.53313pt x 552.56438pt>
File: images/2_1_1.png Graphic file (type png)

<use images/2_1_1.png>
Underfull \hbox (badness 10000) in paragraph at lines 56--57

 []


Underfull \hbox (badness 10000) in paragraph at lines 64--65

 []


Underfull \hbox (badness 10000) in paragraph at lines 69--70

 []


Underfull \hbox (badness 10000) in paragraph at lines 77--78

 []

[59 <./images/2_1_1.png>]
<images/UseCase.png, id=2047, 534.99875pt x 797.98125pt>
File: images/UseCase.png Graphic file (type png)

<use images/UseCase.png>
Overfull \hbox (2.85425pt too wide) in paragraph at lines 94--94
[]\T1/lmr/bx/n/14.4 Contraintes de dé-ve-lop-pe-ment, d'ex-ploi-ta-tion et de m
ain-te-nance 
 []


Underfull \hbox (badness 10000) in paragraph at lines 98--99

 []


Underfull \hbox (badness 10000) in paragraph at lines 104--105

 []


Underfull \hbox (badness 10000) in paragraph at lines 106--107

 []

[60 <./images/UseCase.png>]
Underfull \hbox (badness 10000) in paragraph at lines 109--110

 []


Underfull \hbox (badness 10000) in paragraph at lines 110--111

 []


Underfull \hbox (badness 10000) in paragraph at lines 111--112

 []


Underfull \hbox (badness 10000) in paragraph at lines 112--113

 []


Underfull \hbox (badness 10000) in paragraph at lines 113--114

 []

[61]
Annexe F.
<images/2_3_1.png, id=2060, 401.24907pt x 287.57437pt>
File: images/2_3_1.png Graphic file (type png)
 <use images/2_3_1.png>
Underfull \hbox (badness 10000) in paragraph at lines 129--130

 []


Underfull \hbox (badness 10000) in paragraph at lines 131--132

 []


Underfull \hbox (badness 10000) in paragraph at lines 133--134

 []

[62

 <./images/2_3_1.png (PNG copy)>]
<images/2_3_2.png, id=2066, 470.50781pt x 387.69844pt>
File: images/2_3_2.png Graphic file (type png)
 <use images/2_3_2.png>
Underfull \hbox (badness 10000) in paragraph at lines 144--145

 []


Underfull \hbox (badness 10000) in paragraph at lines 147--148

 []


Underfull \hbox (badness 10000) in paragraph at lines 148--149

 []


Underfull \hbox (badness 10000) in paragraph at lines 149--150

 []


Underfull \hbox (badness 10000) in paragraph at lines 150--151

 []


Underfull \hbox (badness 10000) in paragraph at lines 151--152

 []


Underfull \hbox (badness 10000) in paragraph at lines 152--153

 []

[63 <./images/2_3_2.png (PNG copy)>]
Annexe G.

Underfull \hbox (badness 10000) in paragraph at lines 161--162

 []


Underfull \hbox (badness 10000) in paragraph at lines 166--167

 []


Underfull \hbox (badness 10000) in paragraph at lines 168--169

 []


Underfull \hbox (badness 10000) in paragraph at lines 172--173

 []

<images/3_1_1.png, id=2072, 517.18219pt x 337.26pt>
File: images/3_1_1.png Graphic file (type png)
 <use images/3_1_1.png>
[64

 <./images/3_1_1.png (PNG copy)>] [65]
Annexe H.

LaTeX Warning: Citation `Zhang2009' on page 66 undefined on input line 223.

[66

]
Underfull \hbox (badness 10000) in paragraph at lines 247--248

 []

[67] [68] [69]
Annexe I.
<images/1.pdf, id=2125, 597.23125pt x 845.1575pt>
File: images/1.pdf Graphic file (type pdf)
 <use images/1.pdf>

LaTeX Warning: Float too large for page by 18.98984pt on input line 298.

[70

] <images/2.pdf, id=2130, 597.23125pt x 845.1575pt>
File: images/2.pdf Graphic file (type pdf)
 <use images/2.pdf>

LaTeX Warning: Float too large for page by 18.98984pt on input line 307.

) (./Modele_Rapport.bbl [71 <./images/1.pdf>] [72 <./images/2.pdf>]
LaTeX Font Info:    Font shape `T1/lmss/m/it' in size <10.95> not available
(Font)              Font shape `T1/lmss/m/sl' tried instead on input line 6.
)
AED: lastpage setting LastPage [73

] ( FP-DIV ) ( FP-TRUNC ) ( FP-MUL )
( FP-SUB ) ( FP-TRUNC ) ( FP-ZERO? )
Package atveryend Info: Empty hook `BeforeClearDocument' on input line 1468.
 [74


]
Package atveryend Info: Empty hook `AfterLastShipout' on input line 1468.
 (./Modele_Rapport.aux)
Package atveryend Info: Executing hook `AtVeryEndDocument' on input line 1468.
Package rerunfilecheck Info: File `Modele_Rapport.out' has not changed.
(rerunfilecheck)             Checksum: 6A8D2D1F360604A2FB406CC1941D6F8A;5065.


LaTeX Warning: There were undefined references.


LaTeX Warning: There were multiply-defined labels.

 ) 
Here is how much of TeX's memory you used:
 17730 strings out of 493848
 292489 string characters out of 3149207
 578932 words of memory out of 3000000
 19804 multiletter control sequences out of 15000+200000
 93108 words of font info for 137 fonts, out of 3000000 for 9000
 714 hyphenation exceptions out of 8191
 40i,15n,68p,1045b,1855s stack positions out of 5000i,500n,10000p,200000b,50000s
{/usr/local/texlive/2009/texmf-dist/fonts/enc/dvips/lm/lm-ec.enc}{/usr/local/
texlive/2009/texmf-dist/fonts/enc/dvips/lm/lm-mathit.enc}{/usr/local/texlive/20
09/texmf-dist/fonts/enc/dvips/lm/lm-rm.enc}{/usr/local/texlive/2009/texmf-dist/
fonts/enc/dvips/lm/lm-mathsy.enc}</usr/local/texlive/2009/texmf-dist/fonts/type
1/public/lm/lmbx10.pfb></usr/local/texlive/2009/texmf-dist/fonts/type1/public/l
m/lmbx12.pfb></usr/local/texlive/2009/texmf-dist/fonts/type1/public/lm/lmcsc10.
pfb></usr/local/texlive/2009/texmf-dist/fonts/type1/public/lm/lmmi10.pfb></usr/
local/texlive/2009/texmf-dist/fonts/type1/public/lm/lmmi12.pfb></usr/local/texl
ive/2009/texmf-dist/fonts/type1/public/lm/lmmi8.pfb></usr/local/texlive/2009/te
xmf-dist/fonts/type1/public/lm/lmr10.pfb></usr/local/texlive/2009/texmf-dist/fo
nts/type1/public/lm/lmr8.pfb></usr/local/texlive/2009/texmf-dist/fonts/type1/pu
blic/lm/lmss10.pfb></usr/local/texlive/2009/texmf-dist/fonts/type1/public/lm/lm
ss12.pfb></usr/local/texlive/2009/texmf-dist/fonts/type1/public/lm/lmss8.pfb></
usr/local/texlive/2009/texmf-dist/fonts/type1/public/lm/lmssbx10.pfb></usr/loca
l/texlive/2009/texmf-dist/fonts/type1/public/lm/lmsso10.pfb></usr/local/texlive
/2009/texmf-dist/fonts/type1/public/lm/lmsy10.pfb></usr/local/texlive/2009/texm
f-dist/fonts/type1/public/lm/lmsy8.pfb></usr/local/texlive/2009/texmf-dist/font
s/type1/public/lm/lmtk10.pfb></usr/local/texlive/2009/texmf-dist/fonts/type1/pu
blic/lm/lmtt10.pfb></usr/local/texlive/2009/texmf-dist/fonts/type1/public/lm/lm
tt9.pfb>
Output written on Modele_Rapport.pdf (74 pages, 5755305 bytes).
PDF statistics:
 2712 PDF objects out of 2984 (max. 8388607)
 579 named destinations out of 1000 (max. 500000)
 33489 words of extra memory for PDF output out of 35830 (max. 10000000)

